# JRE version: Java(TM) SE Runtime Environment (17.0.12+8) (build 17.0.12+8-LTS-286)
# Java VM: Java HotSpot(TM) 64-Bit Server VM (17.0.12+8-LTS-286, mixed mode, emulated-client, sharing, tiered, compressed oops, compressed class ptrs, g1 gc, windows-amd64)
GC Precious Log:
 CPUs: 8 total, 8 available
 Memory: 8035M
 Large Page Support: Disabled
 NUMA Support: Disabled
 Compressed Oops: Enabled (32-bit)
 Heap Region Size: 1M
 Heap Min Capacity: 8M
 Heap Initial Capacity: 126M
 Heap Max Capacity: 2010M
 Pre-touch: Disabled
 Parallel Workers: 8
 Concurrent Workers: 2
 Concurrent Refinement Workers: 8
 Periodic GC: Disabled
Heap:
 garbage-first heap   total 240640K, used 129912K [0x0000000082600000, 0x0000000100000000)
  region size 1024K, 1 young (1024K), 0 survivors (0K)
 Metaspace       used 40092K, committed 40576K, reserved 1114112K
  class space    used 5504K, committed 5760K, reserved 1048576K
GC Heap History (20 events):
Event: 0.868 GC heap before
{Heap before GC invocations=1 (full 0):
 garbage-first heap   total 129024K, used 26688K [0x0000000082600000, 0x0000000100000000)
  region size 1024K, 15 young (15360K), 3 survivors (3072K)
 Metaspace       used 5556K, committed 5696K, reserved 1114112K
  class space    used 641K, committed 704K, reserved 1048576K
}
Event: 0.873 GC heap after
{Heap after GC invocations=2 (full 0):
 garbage-first heap   total 129024K, used 16293K [0x0000000082600000, 0x0000000100000000)
  region size 1024K, 2 young (2048K), 2 survivors (2048K)
 Metaspace       used 5556K, committed 5696K, reserved 1114112K
  class space    used 641K, committed 704K, reserved 1048576K
}
Event: 2.903 GC heap before
{Heap before GC invocations=2 (full 0):
 garbage-first heap   total 129024K, used 60325K [0x0000000082600000, 0x0000000100000000)
  region size 1024K, 45 young (46080K), 2 survivors (2048K)
 Metaspace       used 14607K, committed 14976K, reserved 1114112K
  class space    used 1936K, committed 2112K, reserved 1048576K
}
Event: 2.908 GC heap after
{Heap after GC invocations=3 (full 0):
 garbage-first heap   total 129024K, used 19527K [0x0000000082600000, 0x0000000100000000)
  region size 1024K, 5 young (5120K), 5 survivors (5120K)
 Metaspace       used 14607K, committed 14976K, reserved 1114112K
  class space    used 1936K, committed 2112K, reserved 1048576K
}
Event: 5.195 GC heap before
{Heap before GC invocations=3 (full 0):
 garbage-first heap   total 129024K, used 56391K [0x0000000082600000, 0x0000000100000000)
  region size 1024K, 42 young (43008K), 5 survivors (5120K)
 Metaspace       used 21188K, committed 21504K, reserved 1114112K
  class space    used 2815K, committed 3008K, reserved 1048576K
}
Event: 5.204 GC heap after
{Heap after GC invocations=4 (full 0):
 garbage-first heap   total 129024K, used 24320K [0x0000000082600000, 0x0000000100000000)
  region size 1024K, 8 young (8192K), 8 survivors (8192K)
 Metaspace       used 21188K, committed 21504K, reserved 1114112K
  class space    used 2815K, committed 3008K, reserved 1048576K
}
Event: 6.981 GC heap before
{Heap before GC invocations=5 (full 0):
 garbage-first heap   total 75776K, used 58112K [0x0000000082600000, 0x0000000100000000)
  region size 1024K, 46 young (47104K), 8 survivors (8192K)
 Metaspace       used 30655K, committed 30976K, reserved 1114112K
  class space    used 4138K, committed 4288K, reserved 1048576K
}
Event: 6.996 GC heap after
{Heap after GC invocations=6 (full 0):
 garbage-first heap   total 75776K, used 23931K [0x0000000082600000, 0x0000000100000000)
  region size 1024K, 8 young (8192K), 8 survivors (8192K)
 Metaspace       used 30655K, committed 30976K, reserved 1114112K
  class space    used 4138K, committed 4288K, reserved 1048576K
}
Event: 7.015 GC heap before
{Heap before GC invocations=6 (full 0):
 garbage-first heap   total 75776K, used 24955K [0x0000000082600000, 0x0000000100000000)
  region size 1024K, 9 young (9216K), 8 survivors (8192K)
 Metaspace       used 30703K, committed 31040K, reserved 1114112K
  class space    used 4146K, committed 4288K, reserved 1048576K
}
Event: 7.025 GC heap after
{Heap after GC invocations=7 (full 0):
 garbage-first heap   total 75776K, used 24576K [0x0000000082600000, 0x0000000100000000)
  region size 1024K, 1 young (1024K), 1 survivors (1024K)
 Metaspace       used 30703K, committed 31040K, reserved 1114112K
  class space    used 4146K, committed 4288K, reserved 1048576K
}
Event: 7.897 GC heap before
{Heap before GC invocations=7 (full 0):
 garbage-first heap   total 75776K, used 52224K [0x0000000082600000, 0x0000000100000000)
  region size 1024K, 28 young (28672K), 1 survivors (1024K)
 Metaspace       used 32723K, committed 33088K, reserved 1114112K
  class space    used 4449K, committed 4608K, reserved 1048576K
}
Event: 7.907 GC heap after
{Heap after GC invocations=8 (full 0):
 garbage-first heap   total 151552K, used 25979K [0x0000000082600000, 0x0000000100000000)
  region size 1024K, 3 young (3072K), 3 survivors (3072K)
 Metaspace       used 32723K, committed 33088K, reserved 1114112K
  class space    used 4449K, committed 4608K, reserved 1048576K
}
Event: 8.650 GC heap before
{Heap before GC invocations=8 (full 0):
 garbage-first heap   total 151552K, used 51579K [0x0000000082600000, 0x0000000100000000)
  region size 1024K, 29 young (29696K), 3 survivors (3072K)
 Metaspace       used 35503K, committed 35968K, reserved 1114112K
  class space    used 4863K, committed 5120K, reserved 1048576K
}
Event: 8.656 GC heap after
{Heap after GC invocations=9 (full 0):
 garbage-first heap   total 151552K, used 27473K [0x0000000082600000, 0x0000000100000000)
  region size 1024K, 4 young (4096K), 4 survivors (4096K)
 Metaspace       used 35503K, committed 35968K, reserved 1114112K
  class space    used 4863K, committed 5120K, reserved 1048576K
}
Event: 10.109 GC heap before
{Heap before GC invocations=10 (full 0):
 garbage-first heap   total 96256K, used 77649K [0x0000000082600000, 0x0000000100000000)
  region size 1024K, 33 young (33792K), 4 survivors (4096K)
 Metaspace       used 40092K, committed 40576K, reserved 1114112K
  class space    used 5504K, committed 5760K, reserved 1048576K
}
Event: 10.115 GC heap after
{Heap after GC invocations=11 (full 0):
 garbage-first heap   total 96256K, used 39362K [0x0000000082600000, 0x0000000100000000)
  region size 1024K, 5 young (5120K), 5 survivors (5120K)
 Metaspace       used 40092K, committed 40576K, reserved 1114112K
  class space    used 5504K, committed 5760K, reserved 1048576K
}
Event: 10.216 GC heap before
{Heap before GC invocations=11 (full 0):
 garbage-first heap   total 96256K, used 56770K [0x0000000082600000, 0x0000000100000000)
  region size 1024K, 5 young (5120K), 5 survivors (5120K)
 Metaspace       used 40092K, committed 40576K, reserved 1114112K
  class space    used 5504K, committed 5760K, reserved 1048576K
}
Event: 10.220 GC heap after
{Heap after GC invocations=12 (full 0):
 garbage-first heap   total 96256K, used 46944K [0x0000000082600000, 0x0000000100000000)
  region size 1024K, 0 young (0K), 0 survivors (0K)
 Metaspace       used 40092K, committed 40576K, reserved 1114112K
  class space    used 5504K, committed 5760K, reserved 1048576K
}
Event: 10.375 GC heap before
{Heap before GC invocations=12 (full 0):
 garbage-first heap   total 118784K, used 80736K [0x0000000082600000, 0x0000000100000000)
  region size 1024K, 0 young (0K), 0 survivors (0K)
 Metaspace       used 40092K, committed 40576K, reserved 1114112K
  class space    used 5504K, committed 5760K, reserved 1048576K
}
Event: 10.376 GC heap after
{Heap after GC invocations=13 (full 0):
 garbage-first heap   total 118784K, used 63328K [0x0000000082600000, 0x0000000100000000)
  region size 1024K, 0 young (0K), 0 survivors (0K)
 Metaspace       used 40092K, committed 40576K, reserved 1114112K
  class space    used 5504K, committed 5760K, reserved 1048576K
}

