# JRE version: Java(TM) SE Runtime Environment (17.0.12+8) (build 17.0.12+8-LTS-286)
# Java VM: Java HotSpot(TM) 64-Bit Server VM (17.0.12+8-LTS-286, mixed mode, emulated-client, sharing, tiered, compressed oops, compressed class ptrs, g1 gc, windows-amd64)
GC Precious Log:
 CPUs: 8 total, 8 available
 Memory: 8035M
 Large Page Support: Disabled
 NUMA Support: Disabled
 Compressed Oops: Enabled (32-bit)
 Heap Region Size: 1M
 Heap Min Capacity: 8M
 Heap Initial Capacity: 126M
 Heap Max Capacity: 2010M
 Pre-touch: Disabled
 Parallel Workers: 8
 Concurrent Workers: 2
 Concurrent Refinement Workers: 8
 Periodic GC: Disabled
Heap:
 garbage-first heap   total 351232K, used 251877K [0x0000000082600000, 0x0000000100000000)
  region size 1024K, 1 young (1024K), 1 survivors (1024K)
 Metaspace       used 40084K, committed 40512K, reserved 1114112K
  class space    used 5495K, committed 5696K, reserved 1048576K
GC Heap History (20 events):
Event: 6.921 GC heap before
{Heap before GC invocations=5 (full 0):
 garbage-first heap   total 81920K, used 62020K [0x0000000082600000, 0x0000000100000000)
  region size 1024K, 48 young (49152K), 9 survivors (9216K)
 Metaspace       used 30699K, committed 31104K, reserved 1114112K
  class space    used 4142K, committed 4352K, reserved 1048576K
}
Event: 6.937 GC heap after
{Heap after GC invocations=6 (full 0):
 garbage-first heap   total 81920K, used 25460K [0x0000000082600000, 0x0000000100000000)
  region size 1024K, 4 young (4096K), 4 survivors (4096K)
 Metaspace       used 30699K, committed 31104K, reserved 1114112K
  class space    used 4142K, committed 4352K, reserved 1048576K
}
Event: 8.011 GC heap before
{Heap before GC invocations=6 (full 0):
 garbage-first heap   total 81920K, used 54132K [0x0000000082600000, 0x0000000100000000)
  region size 1024K, 32 young (32768K), 4 survivors (4096K)
 Metaspace       used 32820K, committed 33216K, reserved 1114112K
  class space    used 4464K, committed 4672K, reserved 1048576K
}
Event: 8.018 GC heap after
{Heap after GC invocations=7 (full 0):
 garbage-first heap   total 81920K, used 27635K [0x0000000082600000, 0x0000000100000000)
  region size 1024K, 3 young (3072K), 3 survivors (3072K)
 Metaspace       used 32820K, committed 33216K, reserved 1114112K
  class space    used 4464K, committed 4672K, reserved 1048576K
}
Event: 8.884 GC heap before
{Heap before GC invocations=7 (full 0):
 garbage-first heap   total 81920K, used 53235K [0x0000000082600000, 0x0000000100000000)
  region size 1024K, 29 young (29696K), 3 survivors (3072K)
 Metaspace       used 35650K, committed 36096K, reserved 1114112K
  class space    used 4878K, committed 5120K, reserved 1048576K
}
Event: 8.895 GC heap after
{Heap after GC invocations=8 (full 0):
 garbage-first heap   total 81920K, used 29373K [0x0000000082600000, 0x0000000100000000)
  region size 1024K, 2 young (2048K), 2 survivors (2048K)
 Metaspace       used 35650K, committed 36096K, reserved 1114112K
  class space    used 4878K, committed 5120K, reserved 1048576K
}
Event: 10.304 GC heap before
{Heap before GC invocations=9 (full 0):
 garbage-first heap   total 81920K, used 63165K [0x0000000082600000, 0x0000000100000000)
  region size 1024K, 30 young (30720K), 2 survivors (2048K)
 Metaspace       used 40084K, committed 40512K, reserved 1114112K
  class space    used 5495K, committed 5696K, reserved 1048576K
}
Event: 10.309 GC heap after
{Heap after GC invocations=10 (full 0):
 garbage-first heap   total 81920K, used 33864K [0x0000000082600000, 0x0000000100000000)
  region size 1024K, 4 young (4096K), 4 survivors (4096K)
 Metaspace       used 40084K, committed 40512K, reserved 1114112K
  class space    used 5495K, committed 5696K, reserved 1048576K
}
Event: 10.332 GC heap before
{Heap before GC invocations=10 (full 0):
 garbage-first heap   total 81920K, used 38984K [0x0000000082600000, 0x0000000100000000)
  region size 1024K, 4 young (4096K), 4 survivors (4096K)
 Metaspace       used 40084K, committed 40512K, reserved 1114112K
  class space    used 5495K, committed 5696K, reserved 1048576K
}
Event: 10.336 GC heap after
{Heap after GC invocations=11 (full 0):
 garbage-first heap   total 81920K, used 35811K [0x0000000082600000, 0x0000000100000000)
  region size 1024K, 0 young (0K), 0 survivors (0K)
 Metaspace       used 40084K, committed 40512K, reserved 1114112K
  class space    used 5495K, committed 5696K, reserved 1048576K
}
Event: 10.378 GC heap before
{Heap before GC invocations=11 (full 0):
 garbage-first heap   total 81920K, used 45027K [0x0000000082600000, 0x0000000100000000)
  region size 1024K, 0 young (0K), 0 survivors (0K)
 Metaspace       used 40084K, committed 40512K, reserved 1114112K
  class space    used 5495K, committed 5696K, reserved 1048576K
}
Event: 10.379 GC heap after
{Heap after GC invocations=12 (full 0):
 garbage-first heap   total 81920K, used 39907K [0x0000000082600000, 0x0000000100000000)
  region size 1024K, 0 young (0K), 0 survivors (0K)
 Metaspace       used 40084K, committed 40512K, reserved 1114112K
  class space    used 5495K, committed 5696K, reserved 1048576K
}
Event: 10.470 GC heap before
{Heap before GC invocations=13 (full 0):
 garbage-first heap   total 97280K, used 57315K [0x0000000082600000, 0x0000000100000000)
  region size 1024K, 0 young (0K), 0 survivors (0K)
 Metaspace       used 40084K, committed 40512K, reserved 1114112K
  class space    used 5495K, committed 5696K, reserved 1048576K
}
Event: 10.472 GC heap after
{Heap after GC invocations=14 (full 0):
 garbage-first heap   total 143360K, used 48099K [0x0000000082600000, 0x0000000100000000)
  region size 1024K, 0 young (0K), 0 survivors (0K)
 Metaspace       used 40084K, committed 40512K, reserved 1114112K
  class space    used 5495K, committed 5696K, reserved 1048576K
}
Event: 10.632 GC heap before
{Heap before GC invocations=14 (full 0):
 garbage-first heap   total 143360K, used 81891K [0x0000000082600000, 0x0000000100000000)
  region size 1024K, 0 young (0K), 0 survivors (0K)
 Metaspace       used 40084K, committed 40512K, reserved 1114112K
  class space    used 5495K, committed 5696K, reserved 1048576K
}
Event: 10.634 GC heap after
{Heap after GC invocations=15 (full 0):
 garbage-first heap   total 143360K, used 64483K [0x0000000082600000, 0x0000000100000000)
  region size 1024K, 0 young (0K), 0 survivors (0K)
 Metaspace       used 40084K, committed 40512K, reserved 1114112K
  class space    used 5495K, committed 5696K, reserved 1048576K
}
Event: 10.959 GC heap before
{Heap before GC invocations=16 (full 0):
 garbage-first heap   total 220160K, used 131043K [0x0000000082600000, 0x0000000100000000)
  region size 1024K, 1 young (1024K), 0 survivors (0K)
 Metaspace       used 40084K, committed 40512K, reserved 1114112K
  class space    used 5495K, committed 5696K, reserved 1048576K
}
Event: 10.960 GC heap after
{Heap after GC invocations=17 (full 0):
 garbage-first heap   total 220160K, used 97253K [0x0000000082600000, 0x0000000100000000)
  region size 1024K, 1 young (1024K), 1 survivors (1024K)
 Metaspace       used 40084K, committed 40512K, reserved 1114112K
  class space    used 5495K, committed 5696K, reserved 1048576K
}
Event: 11.251 GC heap before
{Heap before GC invocations=17 (full 0):
 garbage-first heap   total 351232K, used 229349K [0x0000000082600000, 0x0000000100000000)
  region size 1024K, 1 young (1024K), 1 survivors (1024K)
 Metaspace       used 40084K, committed 40512K, reserved 1114112K
  class space    used 5495K, committed 5696K, reserved 1048576K
}
Event: 11.252 GC heap after
{Heap after GC invocations=18 (full 0):
 garbage-first heap   total 351232K, used 162789K [0x0000000082600000, 0x0000000100000000)
  region size 1024K, 1 young (1024K), 1 survivors (1024K)
 Metaspace       used 40084K, committed 40512K, reserved 1114112K
  class space    used 5495K, committed 5696K, reserved 1048576K
}

