# JRE version: Java(TM) SE Runtime Environment (17.0.12+8) (build 17.0.12+8-LTS-286)
# Java VM: Java HotSpot(TM) 64-Bit Server VM (17.0.12+8-LTS-286, mixed mode, emulated-client, sharing, tiered, compressed oops, compressed class ptrs, g1 gc, windows-amd64)
GC Precious Log:
 CPUs: 8 total, 8 available
 Memory: 8035M
 Large Page Support: Disabled
 NUMA Support: Disabled
 Compressed Oops: Enabled (32-bit)
 Heap Region Size: 1M
 Heap Min Capacity: 8M
 Heap Initial Capacity: 126M
 Heap Max Capacity: 2010M
 Pre-touch: Disabled
 Parallel Workers: 8
 Concurrent Workers: 2
 Concurrent Refinement Workers: 8
 Periodic GC: Disabled
Heap:
 garbage-first heap   total 313344K, used 96451K [0x0000000082600000, 0x0000000100000000)
  region size 1024K, 1 young (1024K), 1 survivors (1024K)
 Metaspace       used 40082K, committed 40576K, reserved 1114112K
  class space    used 5494K, committed 5696K, reserved 1048576K
GC Heap History (20 events):
Event: 6.059 GC heap before
{Heap before GC invocations=5 (full 0):
 garbage-first heap   total 75776K, used 59093K [0x0000000082600000, 0x0000000100000000)
  region size 1024K, 46 young (47104K), 8 survivors (8192K)
 Metaspace       used 30628K, committed 30976K, reserved 1114112K
  class space    used 4130K, committed 4288K, reserved 1048576K
}
Event: 6.073 GC heap after
{Heap after GC invocations=6 (full 0):
 garbage-first heap   total 75776K, used 24255K [0x0000000082600000, 0x0000000100000000)
  region size 1024K, 8 young (8192K), 8 survivors (8192K)
 Metaspace       used 30628K, committed 30976K, reserved 1114112K
  class space    used 4130K, committed 4288K, reserved 1048576K
}
Event: 6.906 GC heap before
{Heap before GC invocations=6 (full 0):
 garbage-first heap   total 75776K, used 49855K [0x0000000082600000, 0x0000000100000000)
  region size 1024K, 34 young (34816K), 8 survivors (8192K)
 Metaspace       used 32478K, committed 32768K, reserved 1114112K
  class space    used 4404K, committed 4544K, reserved 1048576K
}
Event: 6.918 GC heap after
{Heap after GC invocations=7 (full 0):
 garbage-first heap   total 75776K, used 26053K [0x0000000082600000, 0x0000000100000000)
  region size 1024K, 3 young (3072K), 3 survivors (3072K)
 Metaspace       used 32478K, committed 32768K, reserved 1114112K
  class space    used 4404K, committed 4544K, reserved 1048576K
}
Event: 7.596 GC heap before
{Heap before GC invocations=7 (full 0):
 garbage-first heap   total 75776K, used 53701K [0x0000000082600000, 0x0000000100000000)
  region size 1024K, 30 young (30720K), 3 survivors (3072K)
 Metaspace       used 35366K, committed 35840K, reserved 1114112K
  class space    used 4836K, committed 5056K, reserved 1048576K
}
Event: 7.606 GC heap after
{Heap after GC invocations=8 (full 0):
 garbage-first heap   total 75776K, used 27555K [0x0000000082600000, 0x0000000100000000)
  region size 1024K, 4 young (4096K), 4 survivors (4096K)
 Metaspace       used 35366K, committed 35840K, reserved 1114112K
  class space    used 4836K, committed 5056K, reserved 1048576K
}
Event: 7.656 GC heap before
{Heap before GC invocations=8 (full 0):
 garbage-first heap   total 75776K, used 28579K [0x0000000082600000, 0x0000000100000000)
  region size 1024K, 6 young (6144K), 4 survivors (4096K)
 Metaspace       used 35660K, committed 36096K, reserved 1114112K
  class space    used 4880K, committed 5120K, reserved 1048576K
}
Event: 7.663 GC heap after
{Heap after GC invocations=9 (full 0):
 garbage-first heap   total 75776K, used 27549K [0x0000000082600000, 0x0000000100000000)
  region size 1024K, 2 young (2048K), 2 survivors (2048K)
 Metaspace       used 35660K, committed 36096K, reserved 1114112K
  class space    used 4880K, committed 5120K, reserved 1048576K
}
Event: 9.036 GC heap before
{Heap before GC invocations=10 (full 0):
 garbage-first heap   total 75776K, used 62365K [0x0000000082600000, 0x0000000100000000)
  region size 1024K, 30 young (30720K), 2 survivors (2048K)
 Metaspace       used 40082K, committed 40576K, reserved 1114112K
  class space    used 5494K, committed 5696K, reserved 1048576K
}
Event: 9.041 GC heap after
{Heap after GC invocations=11 (full 0):
 garbage-first heap   total 91136K, used 32891K [0x0000000082600000, 0x0000000100000000)
  region size 1024K, 4 young (4096K), 4 survivors (4096K)
 Metaspace       used 40082K, committed 40576K, reserved 1114112K
  class space    used 5494K, committed 5696K, reserved 1048576K
}
Event: 9.066 GC heap before
{Heap before GC invocations=11 (full 0):
 garbage-first heap   total 91136K, used 38011K [0x0000000082600000, 0x0000000100000000)
  region size 1024K, 4 young (4096K), 4 survivors (4096K)
 Metaspace       used 40082K, committed 40576K, reserved 1114112K
  class space    used 5494K, committed 5696K, reserved 1048576K
}
Event: 9.070 GC heap after
{Heap after GC invocations=12 (full 0):
 garbage-first heap   total 91136K, used 35162K [0x0000000082600000, 0x0000000100000000)
  region size 1024K, 3 young (3072K), 3 survivors (3072K)
 Metaspace       used 40082K, committed 40576K, reserved 1114112K
  class space    used 5494K, committed 5696K, reserved 1048576K
}
Event: 9.107 GC heap before
{Heap before GC invocations=12 (full 0):
 garbage-first heap   total 91136K, used 44378K [0x0000000082600000, 0x0000000100000000)
  region size 1024K, 3 young (3072K), 3 survivors (3072K)
 Metaspace       used 40082K, committed 40576K, reserved 1114112K
  class space    used 5494K, committed 5696K, reserved 1048576K
}
Event: 9.110 GC heap after
{Heap after GC invocations=13 (full 0):
 garbage-first heap   total 91136K, used 39312K [0x0000000082600000, 0x0000000100000000)
  region size 1024K, 3 young (3072K), 3 survivors (3072K)
 Metaspace       used 40082K, committed 40576K, reserved 1114112K
  class space    used 5494K, committed 5696K, reserved 1048576K
}
Event: 9.182 GC heap before
{Heap before GC invocations=13 (full 0):
 garbage-first heap   total 91136K, used 56720K [0x0000000082600000, 0x0000000100000000)
  region size 1024K, 3 young (3072K), 3 survivors (3072K)
 Metaspace       used 40082K, committed 40576K, reserved 1114112K
  class space    used 5494K, committed 5696K, reserved 1048576K
}
Event: 9.185 GC heap after
{Heap after GC invocations=14 (full 0):
 garbage-first heap   total 91136K, used 47513K [0x0000000082600000, 0x0000000100000000)
  region size 1024K, 3 young (3072K), 3 survivors (3072K)
 Metaspace       used 40082K, committed 40576K, reserved 1114112K
  class space    used 5494K, committed 5696K, reserved 1048576K
}
Event: 9.374 GC heap before
{Heap before GC invocations=15 (full 0):
 garbage-first heap   total 137216K, used 81305K [0x0000000082600000, 0x0000000100000000)
  region size 1024K, 3 young (3072K), 3 survivors (3072K)
 Metaspace       used 40082K, committed 40576K, reserved 1114112K
  class space    used 5494K, committed 5696K, reserved 1048576K
}
Event: 9.377 GC heap after
{Heap after GC invocations=16 (full 0):
 garbage-first heap   total 137216K, used 63653K [0x0000000082600000, 0x0000000100000000)
  region size 1024K, 0 young (0K), 0 survivors (0K)
 Metaspace       used 40082K, committed 40576K, reserved 1114112K
  class space    used 5494K, committed 5696K, reserved 1048576K
}
Event: 9.743 GC heap before
{Heap before GC invocations=17 (full 0):
 garbage-first heap   total 219136K, used 130213K [0x0000000082600000, 0x0000000100000000)
  region size 1024K, 1 young (1024K), 0 survivors (0K)
 Metaspace       used 40082K, committed 40576K, reserved 1114112K
  class space    used 5494K, committed 5696K, reserved 1048576K
}
Event: 9.744 GC heap after
{Heap after GC invocations=18 (full 0):
 garbage-first heap   total 219136K, used 96451K [0x0000000082600000, 0x0000000100000000)
  region size 1024K, 1 young (1024K), 1 survivors (1024K)
 Metaspace       used 40082K, committed 40576K, reserved 1114112K
  class space    used 5494K, committed 5696K, reserved 1048576K
}

