# JRE version: Java(TM) SE Runtime Environment (21.0.7+8) (build 21.0.7+8-LTS-245)
# Java VM: Java HotSpot(TM) 64-Bit Server VM (21.0.7+8-LTS-245, mixed mode, sharing, tiered, compressed oops, compressed class ptrs, g1 gc, windows-amd64)
GC Precious Log:
 CardTable entry size: 512
 Card Set container configuration: InlinePtr #cards 5 size 8 Array Of Cards #cards 12 size 40 Howl #buckets 4 coarsen threshold 1843 Howl Bitmap #cards 512 size 80 coarsen threshold 460 Card regions per heap region 1 cards per card region 2048
 CPUs: 8 total, 8 available
 Memory: 8035M
 Large Page Support: Disabled
 NUMA Support: Disabled
 Compressed Oops: Enabled (32-bit)
 Heap Region Size: 1M
 Heap Min Capacity: 8M
 Heap Initial Capacity: 126M
 Heap Max Capacity: 2010M
 Pre-touch: Disabled
 Parallel Workers: 8
 Concurrent Workers: 2
 Concurrent Refinement Workers: 8
 Periodic GC: Disabled
Heap:
 garbage-first heap   total 97280K, used 70262K [0x0000000082600000, 0x0000000100000000)
  region size 1024K, 33 young (33792K), 3 survivors (3072K)
 Metaspace       used 56556K, committed 57216K, reserved 1114112K
  class space    used 7188K, committed 7488K, reserved 1048576K
GC Heap History (20 events):
Event: 3.321 GC heap before
{Heap before GC invocations=3 (full 0):
 garbage-first heap   total 129024K, used 37312K [0x0000000082600000, 0x0000000100000000)
  region size 1024K, 21 young (21504K), 3 survivors (3072K)
 Metaspace       used 21137K, committed 21504K, reserved 1114112K
  class space    used 2507K, committed 2624K, reserved 1048576K
}
Event: 3.325 GC heap after
{Heap after GC invocations=4 (full 0):
 garbage-first heap   total 129024K, used 21314K [0x0000000082600000, 0x0000000100000000)
  region size 1024K, 3 young (3072K), 3 survivors (3072K)
 Metaspace       used 21137K, committed 21504K, reserved 1114112K
  class space    used 2507K, committed 2624K, reserved 1048576K
}
Event: 4.169 GC heap before
{Heap before GC invocations=5 (full 0):
 garbage-first heap   total 71680K, used 58178K [0x0000000082600000, 0x0000000100000000)
  region size 1024K, 42 young (43008K), 3 survivors (3072K)
 Metaspace       used 30048K, committed 30464K, reserved 1114112K
  class space    used 3599K, committed 3776K, reserved 1048576K
}
Event: 4.178 GC heap after
{Heap after GC invocations=6 (full 0):
 garbage-first heap   total 71680K, used 23938K [0x0000000082600000, 0x0000000100000000)
  region size 1024K, 6 young (6144K), 6 survivors (6144K)
 Metaspace       used 30048K, committed 30464K, reserved 1114112K
  class space    used 3599K, committed 3776K, reserved 1048576K
}
Event: 5.260 GC heap before
{Heap before GC invocations=6 (full 0):
 garbage-first heap   total 71680K, used 35202K [0x0000000082600000, 0x0000000100000000)
  region size 1024K, 19 young (19456K), 6 survivors (6144K)
 Metaspace       used 35817K, committed 36288K, reserved 1114112K
  class space    used 4365K, committed 4608K, reserved 1048576K
}
Event: 5.270 GC heap after
{Heap after GC invocations=7 (full 0):
 garbage-first heap   total 71680K, used 25413K [0x0000000082600000, 0x0000000100000000)
  region size 1024K, 2 young (2048K), 2 survivors (2048K)
 Metaspace       used 35817K, committed 36288K, reserved 1114112K
  class space    used 4365K, committed 4608K, reserved 1048576K
}
Event: 5.337 GC heap before
{Heap before GC invocations=7 (full 0):
 garbage-first heap   total 71680K, used 27461K [0x0000000082600000, 0x0000000100000000)
  region size 1024K, 5 young (5120K), 2 survivors (2048K)
 Metaspace       used 36182K, committed 36608K, reserved 1114112K
  class space    used 4420K, committed 4608K, reserved 1048576K
}
Event: 5.340 GC heap after
{Heap after GC invocations=8 (full 0):
 garbage-first heap   total 71680K, used 25199K [0x0000000082600000, 0x0000000100000000)
  region size 1024K, 2 young (2048K), 2 survivors (2048K)
 Metaspace       used 36182K, committed 36608K, reserved 1114112K
  class space    used 4420K, committed 4608K, reserved 1048576K
}
Event: 6.619 GC heap before
{Heap before GC invocations=9 (full 0):
 garbage-first heap   total 71680K, used 56943K [0x0000000082600000, 0x0000000100000000)
  region size 1024K, 34 young (34816K), 2 survivors (2048K)
 Metaspace       used 39861K, committed 40320K, reserved 1114112K
  class space    used 4839K, committed 5056K, reserved 1048576K
}
Event: 6.623 GC heap after
{Heap after GC invocations=10 (full 0):
 garbage-first heap   total 71680K, used 27654K [0x0000000082600000, 0x0000000100000000)
  region size 1024K, 4 young (4096K), 4 survivors (4096K)
 Metaspace       used 39861K, committed 40320K, reserved 1114112K
  class space    used 4839K, committed 5056K, reserved 1048576K
}
Event: 7.428 GC heap before
{Heap before GC invocations=10 (full 0):
 garbage-first heap   total 71680K, used 59398K [0x0000000082600000, 0x0000000100000000)
  region size 1024K, 35 young (35840K), 4 survivors (4096K)
 Metaspace       used 42891K, committed 43392K, reserved 1114112K
  class space    used 5238K, committed 5440K, reserved 1048576K
}
Event: 7.436 GC heap after
{Heap after GC invocations=11 (full 0):
 garbage-first heap   total 71680K, used 29572K [0x0000000082600000, 0x0000000100000000)
  region size 1024K, 5 young (5120K), 5 survivors (5120K)
 Metaspace       used 42891K, committed 43392K, reserved 1114112K
  class space    used 5238K, committed 5440K, reserved 1048576K
}
Event: 8.422 GC heap before
{Heap before GC invocations=11 (full 0):
 garbage-first heap   total 71680K, used 60292K [0x0000000082600000, 0x0000000100000000)
  region size 1024K, 35 young (35840K), 5 survivors (5120K)
 Metaspace       used 46864K, committed 47360K, reserved 1114112K
  class space    used 5860K, committed 6080K, reserved 1048576K
}
Event: 8.430 GC heap after
{Heap after GC invocations=12 (full 0):
 garbage-first heap   total 71680K, used 32128K [0x0000000082600000, 0x0000000100000000)
  region size 1024K, 5 young (5120K), 5 survivors (5120K)
 Metaspace       used 46864K, committed 47360K, reserved 1114112K
  class space    used 5860K, committed 6080K, reserved 1048576K
}
Event: 9.642 GC heap before
{Heap before GC invocations=12 (full 0):
 garbage-first heap   total 71680K, used 62848K [0x0000000082600000, 0x0000000100000000)
  region size 1024K, 34 young (34816K), 5 survivors (5120K)
 Metaspace       used 51049K, committed 51648K, reserved 1114112K
  class space    used 6454K, committed 6720K, reserved 1048576K
}
Event: 9.651 GC heap after
{Heap after GC invocations=13 (full 0):
 garbage-first heap   total 72704K, used 36205K [0x0000000082600000, 0x0000000100000000)
  region size 1024K, 5 young (5120K), 5 survivors (5120K)
 Metaspace       used 51049K, committed 51648K, reserved 1114112K
  class space    used 6454K, committed 6720K, reserved 1048576K
}
Event: 9.665 GC heap before
{Heap before GC invocations=13 (full 0):
 garbage-first heap   total 72704K, used 41325K [0x0000000082600000, 0x0000000100000000)
  region size 1024K, 10 young (10240K), 5 survivors (5120K)
 Metaspace       used 51051K, committed 51648K, reserved 1114112K
  class space    used 6454K, committed 6720K, reserved 1048576K
}
Event: 9.672 GC heap after
{Heap after GC invocations=14 (full 0):
 garbage-first heap   total 72704K, used 39659K [0x0000000082600000, 0x0000000100000000)
  region size 1024K, 2 young (2048K), 2 survivors (2048K)
 Metaspace       used 51051K, committed 51648K, reserved 1114112K
  class space    used 6454K, committed 6720K, reserved 1048576K
}
Event: 9.862 GC heap before
{Heap before GC invocations=15 (full 0):
 garbage-first heap   total 80896K, used 59115K [0x0000000082600000, 0x0000000100000000)
  region size 1024K, 19 young (19456K), 2 survivors (2048K)
 Metaspace       used 51300K, committed 51840K, reserved 1114112K
  class space    used 6482K, committed 6720K, reserved 1048576K
}
Event: 9.866 GC heap after
{Heap after GC invocations=16 (full 0):
 garbage-first heap   total 97280K, used 40566K [0x0000000082600000, 0x0000000100000000)
  region size 1024K, 3 young (3072K), 3 survivors (3072K)
 Metaspace       used 51300K, committed 51840K, reserved 1114112K
  class space    used 6482K, committed 6720K, reserved 1048576K
}

