# JRE version: Java(TM) SE Runtime Environment (17.0.12+8) (build 17.0.12+8-LTS-286)
# Java VM: Java HotSpot(TM) 64-Bit Server VM (17.0.12+8-LTS-286, mixed mode, emulated-client, sharing, tiered, compressed oops, compressed class ptrs, g1 gc, windows-amd64)
GC Precious Log:
 CPUs: 8 total, 8 available
 Memory: 8035M
 Large Page Support: Disabled
 NUMA Support: Disabled
 Compressed Oops: Enabled (32-bit)
 Heap Region Size: 1M
 Heap Min Capacity: 8M
 Heap Initial Capacity: 126M
 Heap Max Capacity: 2010M
 Pre-touch: Disabled
 Parallel Workers: 8
 Concurrent Workers: 2
 Concurrent Refinement Workers: 8
 Periodic GC: Disabled
Heap:
 garbage-first heap   total 188416K, used 144616K [0x0000000082600000, 0x0000000100000000)
  region size 1024K, 90 young (92160K), 1 survivors (1024K)
 Metaspace       used 106347K, committed 106944K, reserved 1179648K
  class space    used 15885K, committed 16128K, reserved 1048576K
GC Heap History (20 events):
Event: 20.429 GC heap before
{Heap before GC invocations=42 (full 0):
 garbage-first heap   total 99328K, used 81657K [0x0000000082600000, 0x0000000100000000)
  region size 1024K, 25 young (25600K), 2 survivors (2048K)
 Metaspace       used 97829K, committed 98496K, reserved 1179648K
  class space    used 14668K, committed 14976K, reserved 1048576K
}
Event: 20.433 GC heap after
{Heap after GC invocations=43 (full 0):
 garbage-first heap   total 99328K, used 59405K [0x0000000082600000, 0x0000000100000000)
  region size 1024K, 4 young (4096K), 4 survivors (4096K)
 Metaspace       used 97829K, committed 98496K, reserved 1179648K
  class space    used 14668K, committed 14976K, reserved 1048576K
}
Event: 20.459 GC heap before
{Heap before GC invocations=43 (full 0):
 garbage-first heap   total 99328K, used 60429K [0x0000000082600000, 0x0000000100000000)
  region size 1024K, 5 young (5120K), 4 survivors (4096K)
 Metaspace       used 98020K, committed 98624K, reserved 1179648K
  class space    used 14691K, committed 14976K, reserved 1048576K
}
Event: 20.463 GC heap after
{Heap after GC invocations=44 (full 0):
 garbage-first heap   total 99328K, used 59423K [0x0000000082600000, 0x0000000100000000)
  region size 1024K, 1 young (1024K), 1 survivors (1024K)
 Metaspace       used 98020K, committed 98624K, reserved 1179648K
  class space    used 14691K, committed 14976K, reserved 1048576K
}
Event: 87.179 GC heap before
{Heap before GC invocations=44 (full 0):
 garbage-first heap   total 99328K, used 82975K [0x0000000082600000, 0x0000000100000000)
  region size 1024K, 24 young (24576K), 1 survivors (1024K)
 Metaspace       used 100572K, committed 101248K, reserved 1179648K
  class space    used 15047K, committed 15360K, reserved 1048576K
}
Event: 87.183 GC heap after
{Heap after GC invocations=45 (full 0):
 garbage-first heap   total 99328K, used 59896K [0x0000000082600000, 0x0000000100000000)
  region size 1024K, 1 young (1024K), 1 survivors (1024K)
 Metaspace       used 100572K, committed 101248K, reserved 1179648K
  class space    used 15047K, committed 15360K, reserved 1048576K
}
Event: 416.326 GC heap before
{Heap before GC invocations=46 (full 0):
 garbage-first heap   total 101376K, used 82424K [0x0000000082600000, 0x0000000100000000)
  region size 1024K, 24 young (24576K), 1 survivors (1024K)
 Metaspace       used 101328K, committed 101824K, reserved 1179648K
  class space    used 15125K, committed 15360K, reserved 1048576K
}
Event: 416.406 GC heap after
{Heap after GC invocations=47 (full 0):
 garbage-first heap   total 101376K, used 59076K [0x0000000082600000, 0x0000000100000000)
  region size 1024K, 2 young (2048K), 2 survivors (2048K)
 Metaspace       used 101328K, committed 101824K, reserved 1179648K
  class space    used 15125K, committed 15360K, reserved 1048576K
}
Event: 416.810 GC heap before
{Heap before GC invocations=47 (full 0):
 garbage-first heap   total 101376K, used 61124K [0x0000000082600000, 0x0000000100000000)
  region size 1024K, 4 young (4096K), 2 survivors (2048K)
 Metaspace       used 101618K, committed 102144K, reserved 1179648K
  class space    used 15170K, committed 15424K, reserved 1048576K
}
Event: 417.056 GC heap after
{Heap after GC invocations=48 (full 0):
 garbage-first heap   total 101376K, used 53759K [0x0000000082600000, 0x0000000100000000)
  region size 1024K, 1 young (1024K), 1 survivors (1024K)
 Metaspace       used 101618K, committed 102144K, reserved 1179648K
  class space    used 15170K, committed 15424K, reserved 1048576K
}
Event: 418.904 GC heap before
{Heap before GC invocations=48 (full 0):
 garbage-first heap   total 101376K, used 55807K [0x0000000082600000, 0x0000000100000000)
  region size 1024K, 4 young (4096K), 1 survivors (1024K)
 Metaspace       used 102050K, committed 102592K, reserved 1179648K
  class space    used 15252K, committed 15488K, reserved 1048576K
}
Event: 418.977 GC heap after
{Heap after GC invocations=49 (full 0):
 garbage-first heap   total 226304K, used 53618K [0x0000000082600000, 0x0000000100000000)
  region size 1024K, 1 young (1024K), 1 survivors (1024K)
 Metaspace       used 102050K, committed 102592K, reserved 1179648K
  class space    used 15252K, committed 15488K, reserved 1048576K
}
Event: 2247.223 GC heap before
{Heap before GC invocations=49 (full 0):
 garbage-first heap   total 226304K, used 187762K [0x0000000082600000, 0x0000000100000000)
  region size 1024K, 132 young (135168K), 1 survivors (1024K)
 Metaspace       used 106129K, committed 106752K, reserved 1179648K
  class space    used 15842K, committed 16128K, reserved 1048576K
}
Event: 2247.430 GC heap after
{Heap after GC invocations=50 (full 0):
 garbage-first heap   total 226304K, used 55456K [0x0000000082600000, 0x0000000100000000)
  region size 1024K, 3 young (3072K), 3 survivors (3072K)
 Metaspace       used 106129K, committed 106752K, reserved 1179648K
  class space    used 15842K, committed 16128K, reserved 1048576K
}
Event: 4219.036 GC heap before
{Heap before GC invocations=51 (full 0):
 garbage-first heap   total 191488K, used 167072K [0x0000000082600000, 0x0000000100000000)
  region size 1024K, 112 young (114688K), 3 survivors (3072K)
 Metaspace       used 106129K, committed 106752K, reserved 1179648K
  class space    used 15842K, committed 16128K, reserved 1048576K
}
Event: 4219.127 GC heap after
{Heap after GC invocations=52 (full 0):
 garbage-first heap   total 191488K, used 55003K [0x0000000082600000, 0x0000000100000000)
  region size 1024K, 2 young (2048K), 2 survivors (2048K)
 Metaspace       used 106129K, committed 106752K, reserved 1179648K
  class space    used 15842K, committed 16128K, reserved 1048576K
}
Event: 4353.690 GC heap before
{Heap before GC invocations=52 (full 0):
 garbage-first heap   total 191488K, used 62171K [0x0000000082600000, 0x0000000100000000)
  region size 1024K, 9 young (9216K), 2 survivors (2048K)
 Metaspace       used 106129K, committed 106752K, reserved 1179648K
  class space    used 15842K, committed 16128K, reserved 1048576K
}
Event: 4353.735 GC heap after
{Heap after GC invocations=53 (full 0):
 garbage-first heap   total 191488K, used 54633K [0x0000000082600000, 0x0000000100000000)
  region size 1024K, 2 young (2048K), 2 survivors (2048K)
 Metaspace       used 106129K, committed 106752K, reserved 1179648K
  class space    used 15842K, committed 16128K, reserved 1048576K
}
Event: 6140.845 GC heap before
{Heap before GC invocations=53 (full 0):
 garbage-first heap   total 191488K, used 163177K [0x0000000082600000, 0x0000000100000000)
  region size 1024K, 109 young (111616K), 2 survivors (2048K)
 Metaspace       used 106145K, committed 106752K, reserved 1179648K
  class space    used 15846K, committed 16128K, reserved 1048576K
}
Event: 6140.957 GC heap after
{Heap after GC invocations=54 (full 0):
 garbage-first heap   total 191488K, used 54504K [0x0000000082600000, 0x0000000100000000)
  region size 1024K, 1 young (1024K), 1 survivors (1024K)
 Metaspace       used 106145K, committed 106752K, reserved 1179648K
  class space    used 15846K, committed 16128K, reserved 1048576K
}

