# JRE version: Java(TM) SE Runtime Environment (21.0.7+8) (build 21.0.7+8-LTS-245)
# Java VM: Java HotSpot(TM) 64-Bit Server VM (21.0.7+8-LTS-245, mixed mode, sharing, tiered, compressed oops, compressed class ptrs, g1 gc, windows-amd64)
GC Precious Log:
 CardTable entry size: 512
 Card Set container configuration: InlinePtr #cards 5 size 8 Array Of Cards #cards 12 size 40 Howl #buckets 4 coarsen threshold 1843 Howl Bitmap #cards 512 size 80 coarsen threshold 460 Card regions per heap region 1 cards per card region 2048
 CPUs: 8 total, 8 available
 Memory: 8035M
 Large Page Support: Disabled
 NUMA Support: Disabled
 Compressed Oops: Enabled (32-bit)
 Heap Region Size: 1M
 Heap Min Capacity: 8M
 Heap Initial Capacity: 126M
 Heap Max Capacity: 2010M
 Pre-touch: Disabled
 Parallel Workers: 8
 Concurrent Workers: 2
 Concurrent Refinement Workers: 8
 Periodic GC: Disabled
Heap:
 garbage-first heap   total 160768K, used 77244K [0x0000000082600000, 0x0000000100000000)
  region size 1024K, 2 young (2048K), 2 survivors (2048K)
 Metaspace       used 93844K, committed 94528K, reserved 1179648K
  class space    used 12794K, committed 13120K, reserved 1048576K
GC Heap History (20 events):
Event: 8.908 GC heap after
{Heap after GC invocations=17 (full 0):
 garbage-first heap   total 99328K, used 42701K [0x0000000082600000, 0x0000000100000000)
  region size 1024K, 4 young (4096K), 4 survivors (4096K)
 Metaspace       used 56092K, committed 56768K, reserved 1114112K
  class space    used 6984K, committed 7296K, reserved 1048576K
}
Event: 9.889 GC heap before
{Heap before GC invocations=17 (full 0):
 garbage-first heap   total 99328K, used 81613K [0x0000000082600000, 0x0000000100000000)
  region size 1024K, 42 young (43008K), 4 survivors (4096K)
 Metaspace       used 60208K, committed 60864K, reserved 1114112K
  class space    used 7496K, committed 7808K, reserved 1048576K
}
Event: 9.896 GC heap after
{Heap after GC invocations=18 (full 0):
 garbage-first heap   total 99328K, used 44841K [0x0000000082600000, 0x0000000100000000)
  region size 1024K, 3 young (3072K), 3 survivors (3072K)
 Metaspace       used 60208K, committed 60864K, reserved 1114112K
  class space    used 7496K, committed 7808K, reserved 1048576K
}
Event: 11.102 GC heap before
{Heap before GC invocations=18 (full 0):
 garbage-first heap   total 99328K, used 82729K [0x0000000082600000, 0x0000000100000000)
  region size 1024K, 40 young (40960K), 3 survivors (3072K)
 Metaspace       used 68451K, committed 69056K, reserved 1114112K
  class space    used 8890K, committed 9152K, reserved 1048576K
}
Event: 11.106 GC heap after
{Heap after GC invocations=19 (full 0):
 garbage-first heap   total 99328K, used 47049K [0x0000000082600000, 0x0000000100000000)
  region size 1024K, 5 young (5120K), 5 survivors (5120K)
 Metaspace       used 68451K, committed 69056K, reserved 1114112K
  class space    used 8890K, committed 9152K, reserved 1048576K
}
Event: 12.486 GC heap before
{Heap before GC invocations=19 (full 0):
 garbage-first heap   total 99328K, used 83913K [0x0000000082600000, 0x0000000100000000)
  region size 1024K, 42 young (43008K), 5 survivors (5120K)
 Metaspace       used 77010K, committed 77696K, reserved 1179648K
  class space    used 9975K, committed 10304K, reserved 1048576K
}
Event: 12.492 GC heap after
{Heap after GC invocations=20 (full 0):
 garbage-first heap   total 99328K, used 49569K [0x0000000082600000, 0x0000000100000000)
  region size 1024K, 5 young (5120K), 5 survivors (5120K)
 Metaspace       used 77010K, committed 77696K, reserved 1179648K
  class space    used 9975K, committed 10304K, reserved 1048576K
}
Event: 13.857 GC heap before
{Heap before GC invocations=21 (full 0):
 garbage-first heap   total 99328K, used 87457K [0x0000000082600000, 0x0000000100000000)
  region size 1024K, 42 young (43008K), 5 survivors (5120K)
 Metaspace       used 86045K, committed 86784K, reserved 1179648K
  class space    used 11437K, committed 11776K, reserved 1048576K
}
Event: 13.862 GC heap after
{Heap after GC invocations=22 (full 0):
 garbage-first heap   total 99328K, used 50880K [0x0000000082600000, 0x0000000100000000)
  region size 1024K, 4 young (4096K), 4 survivors (4096K)
 Metaspace       used 86045K, committed 86784K, reserved 1179648K
  class space    used 11437K, committed 11776K, reserved 1048576K
}
Event: 14.800 GC heap before
{Heap before GC invocations=22 (full 0):
 garbage-first heap   total 99328K, used 88768K [0x0000000082600000, 0x0000000100000000)
  region size 1024K, 41 young (41984K), 4 survivors (4096K)
 Metaspace       used 89878K, committed 90688K, reserved 1179648K
  class space    used 11901K, committed 12288K, reserved 1048576K
}
Event: 14.808 GC heap after
{Heap after GC invocations=23 (full 0):
 garbage-first heap   total 99328K, used 53342K [0x0000000082600000, 0x0000000100000000)
  region size 1024K, 5 young (5120K), 5 survivors (5120K)
 Metaspace       used 89878K, committed 90688K, reserved 1179648K
  class space    used 11901K, committed 12288K, reserved 1048576K
}
Event: 15.178 GC heap before
{Heap before GC invocations=23 (full 0):
 garbage-first heap   total 99328K, used 86110K [0x0000000082600000, 0x0000000100000000)
  region size 1024K, 38 young (38912K), 5 survivors (5120K)
 Metaspace       used 92106K, committed 92864K, reserved 1179648K
  class space    used 12362K, committed 12736K, reserved 1048576K
}
Event: 15.186 GC heap after
{Heap after GC invocations=24 (full 0):
 garbage-first heap   total 99328K, used 58426K [0x0000000082600000, 0x0000000100000000)
  region size 1024K, 5 young (5120K), 5 survivors (5120K)
 Metaspace       used 92106K, committed 92864K, reserved 1179648K
  class space    used 12362K, committed 12736K, reserved 1048576K
}
Event: 15.347 GC heap before
{Heap before GC invocations=25 (full 0):
 garbage-first heap   total 107520K, used 87098K [0x0000000082600000, 0x0000000100000000)
  region size 1024K, 33 young (33792K), 5 survivors (5120K)
 Metaspace       used 92106K, committed 92864K, reserved 1179648K
  class space    used 12362K, committed 12736K, reserved 1048576K
}
Event: 15.356 GC heap after
{Heap after GC invocations=26 (full 0):
 garbage-first heap   total 107520K, used 66647K [0x0000000082600000, 0x0000000100000000)
  region size 1024K, 5 young (5120K), 5 survivors (5120K)
 Metaspace       used 92106K, committed 92864K, reserved 1179648K
  class space    used 12362K, committed 12736K, reserved 1048576K
}
Event: 15.466 GC heap before
{Heap before GC invocations=26 (full 0):
 garbage-first heap   total 107520K, used 93271K [0x0000000082600000, 0x0000000100000000)
  region size 1024K, 31 young (31744K), 5 survivors (5120K)
 Metaspace       used 92106K, committed 92864K, reserved 1179648K
  class space    used 12362K, committed 12736K, reserved 1048576K
}
Event: 15.474 GC heap after
{Heap after GC invocations=27 (full 0):
 garbage-first heap   total 107520K, used 72865K [0x0000000082600000, 0x0000000100000000)
  region size 1024K, 4 young (4096K), 4 survivors (4096K)
 Metaspace       used 92106K, committed 92864K, reserved 1179648K
  class space    used 12362K, committed 12736K, reserved 1048576K
}
Event: 15.802 GC heap before
{Heap before GC invocations=27 (full 0):
 garbage-first heap   total 107520K, used 93345K [0x0000000082600000, 0x0000000100000000)
  region size 1024K, 24 young (24576K), 4 survivors (4096K)
 Metaspace       used 93841K, committed 94528K, reserved 1179648K
  class space    used 12794K, committed 13120K, reserved 1048576K
}
Event: 15.807 GC heap after
{Heap after GC invocations=28 (full 0):
 garbage-first heap   total 107520K, used 75680K [0x0000000082600000, 0x0000000100000000)
  region size 1024K, 2 young (2048K), 2 survivors (2048K)
 Metaspace       used 93841K, committed 94528K, reserved 1179648K
  class space    used 12794K, committed 13120K, reserved 1048576K
}
Event: 15.885 GC heap before
{Heap before GC invocations=28 (full 0):
 garbage-first heap   total 160768K, used 96160K [0x0000000082600000, 0x0000000100000000)
  region size 1024K, 22 young (22528K), 2 survivors (2048K)
 Metaspace       used 93844K, committed 94528K, reserved 1179648K
  class space    used 12794K, committed 13120K, reserved 1048576K
}

