# JRE version: Java(TM) SE Runtime Environment (21.0.7+8) (build 21.0.7+8-LTS-245)
# Java VM: Java HotSpot(TM) 64-Bit Server VM (21.0.7+8-LTS-245, mixed mode, tiered, compressed oops, compressed class ptrs, g1 gc, windows-amd64)
GC Precious Log:
 CardTable entry size: 512
 Card Set container configuration: InlinePtr #cards 5 size 8 Array Of Cards #cards 12 size 40 Howl #buckets 4 coarsen threshold 1843 Howl Bitmap #cards 512 size 80 coarsen threshold 460 Card regions per heap region 1 cards per card region 2048
 CPUs: 8 total, 8 available
 Memory: 8035M
 Large Page Support: Disabled
 NUMA Support: Disabled
 Compressed Oops: Enabled (32-bit)
 Heap Region Size: 1M
 Heap Min Capacity: 8M
 Heap Initial Capacity: 126M
 Heap Max Capacity: 2010M
 Pre-touch: Disabled
 Parallel Workers: 8
 Concurrent Workers: 2
 Concurrent Refinement Workers: 8
 Periodic GC: Disabled
Heap:
 garbage-first heap   total 76800K, used 34934K [0x0000000082600000, 0x0000000100000000)
  region size 1024K, 4 young (4096K), 4 survivors (4096K)
 Metaspace       used 52067K, committed 52608K, reserved 1114112K
  class space    used 6002K, committed 6272K, reserved 1048576K
GC Heap History (20 events):
Event: 4.011 GC heap after
{Heap after GC invocations=3 (full 0):
 garbage-first heap   total 129024K, used 17021K [0x0000000082600000, 0x0000000100000000)
  region size 1024K, 5 young (5120K), 5 survivors (5120K)
 Metaspace       used 21212K, committed 21504K, reserved 1114112K
  class space    used 2162K, committed 2304K, reserved 1048576K
}
Event: 4.824 GC heap before
{Heap before GC invocations=4 (full 0):
 garbage-first heap   total 61440K, used 48765K [0x0000000082600000, 0x0000000100000000)
  region size 1024K, 36 young (36864K), 5 survivors (5120K)
 Metaspace       used 30263K, committed 30656K, reserved 1114112K
  class space    used 3296K, committed 3456K, reserved 1048576K
}
Event: 4.832 GC heap after
{Heap after GC invocations=5 (full 0):
 garbage-first heap   total 61440K, used 19612K [0x0000000082600000, 0x0000000100000000)
  region size 1024K, 5 young (5120K), 5 survivors (5120K)
 Metaspace       used 30263K, committed 30656K, reserved 1114112K
  class space    used 3296K, committed 3456K, reserved 1048576K
}
Event: 5.278 GC heap before
{Heap before GC invocations=5 (full 0):
 garbage-first heap   total 61440K, used 44188K [0x0000000082600000, 0x0000000100000000)
  region size 1024K, 30 young (30720K), 5 survivors (5120K)
 Metaspace       used 34785K, committed 35200K, reserved 1114112K
  class space    used 3729K, committed 3904K, reserved 1048576K
}
Event: 5.283 GC heap after
{Heap after GC invocations=6 (full 0):
 garbage-first heap   total 61440K, used 21602K [0x0000000082600000, 0x0000000100000000)
  region size 1024K, 3 young (3072K), 3 survivors (3072K)
 Metaspace       used 34785K, committed 35200K, reserved 1114112K
  class space    used 3729K, committed 3904K, reserved 1048576K
}
Event: 5.339 GC heap before
{Heap before GC invocations=6 (full 0):
 garbage-first heap   total 61440K, used 23650K [0x0000000082600000, 0x0000000100000000)
  region size 1024K, 7 young (7168K), 3 survivors (3072K)
 Metaspace       used 35535K, committed 35968K, reserved 1114112K
  class space    used 3810K, committed 4032K, reserved 1048576K
}
Event: 5.341 GC heap after
{Heap after GC invocations=7 (full 0):
 garbage-first heap   total 61440K, used 21476K [0x0000000082600000, 0x0000000100000000)
  region size 1024K, 2 young (2048K), 2 survivors (2048K)
 Metaspace       used 35535K, committed 35968K, reserved 1114112K
  class space    used 3810K, committed 4032K, reserved 1048576K
}
Event: 6.032 GC heap before
{Heap before GC invocations=8 (full 0):
 garbage-first heap   total 61440K, used 50148K [0x0000000082600000, 0x0000000100000000)
  region size 1024K, 30 young (30720K), 2 survivors (2048K)
 Metaspace       used 37573K, committed 38016K, reserved 1114112K
  class space    used 4061K, committed 4288K, reserved 1048576K
}
Event: 6.036 GC heap after
{Heap after GC invocations=9 (full 0):
 garbage-first heap   total 61440K, used 23636K [0x0000000082600000, 0x0000000100000000)
  region size 1024K, 4 young (4096K), 4 survivors (4096K)
 Metaspace       used 37573K, committed 38016K, reserved 1114112K
  class space    used 4061K, committed 4288K, reserved 1048576K
}
Event: 6.762 GC heap before
{Heap before GC invocations=9 (full 0):
 garbage-first heap   total 61440K, used 50260K [0x0000000082600000, 0x0000000100000000)
  region size 1024K, 30 young (30720K), 4 survivors (4096K)
 Metaspace       used 40057K, committed 40512K, reserved 1114112K
  class space    used 4394K, committed 4608K, reserved 1048576K
}
Event: 6.767 GC heap after
{Heap after GC invocations=10 (full 0):
 garbage-first heap   total 61440K, used 25493K [0x0000000082600000, 0x0000000100000000)
  region size 1024K, 3 young (3072K), 3 survivors (3072K)
 Metaspace       used 40057K, committed 40512K, reserved 1114112K
  class space    used 4394K, committed 4608K, reserved 1048576K
}
Event: 7.690 GC heap before
{Heap before GC invocations=10 (full 0):
 garbage-first heap   total 61440K, used 52117K [0x0000000082600000, 0x0000000100000000)
  region size 1024K, 29 young (29696K), 3 survivors (3072K)
 Metaspace       used 43239K, committed 43776K, reserved 1114112K
  class space    used 4943K, committed 5184K, reserved 1048576K
}
Event: 7.693 GC heap after
{Heap after GC invocations=11 (full 0):
 garbage-first heap   total 61440K, used 26987K [0x0000000082600000, 0x0000000100000000)
  region size 1024K, 4 young (4096K), 4 survivors (4096K)
 Metaspace       used 43239K, committed 43776K, reserved 1114112K
  class space    used 4943K, committed 5184K, reserved 1048576K
}
Event: 8.564 GC heap before
{Heap before GC invocations=11 (full 0):
 garbage-first heap   total 61440K, used 53611K [0x0000000082600000, 0x0000000100000000)
  region size 1024K, 30 young (30720K), 4 survivors (4096K)
 Metaspace       used 47130K, committed 47552K, reserved 1114112K
  class space    used 5387K, committed 5568K, reserved 1048576K
}
Event: 8.568 GC heap after
{Heap after GC invocations=12 (full 0):
 garbage-first heap   total 61440K, used 28955K [0x0000000082600000, 0x0000000100000000)
  region size 1024K, 4 young (4096K), 4 survivors (4096K)
 Metaspace       used 47130K, committed 47552K, reserved 1114112K
  class space    used 5387K, committed 5568K, reserved 1048576K
}
Event: 9.276 GC heap before
{Heap before GC invocations=12 (full 0):
 garbage-first heap   total 61440K, used 53531K [0x0000000082600000, 0x0000000100000000)
  region size 1024K, 28 young (28672K), 4 survivors (4096K)
 Metaspace       used 50157K, committed 50688K, reserved 1114112K
  class space    used 5783K, committed 6016K, reserved 1048576K
}
Event: 9.281 GC heap after
{Heap after GC invocations=13 (full 0):
 garbage-first heap   total 61440K, used 30563K [0x0000000082600000, 0x0000000100000000)
  region size 1024K, 2 young (2048K), 2 survivors (2048K)
 Metaspace       used 50157K, committed 50688K, reserved 1114112K
  class space    used 5783K, committed 6016K, reserved 1048576K
}
Event: 9.845 GC heap before
{Heap before GC invocations=13 (full 0):
 garbage-first heap   total 61440K, used 54115K [0x0000000082600000, 0x0000000100000000)
  region size 1024K, 26 young (26624K), 2 survivors (2048K)
 Metaspace       used 52054K, committed 52608K, reserved 1114112K
  class space    used 6001K, committed 6272K, reserved 1048576K
}
Event: 9.849 GC heap after
{Heap after GC invocations=14 (full 0):
 garbage-first heap   total 61440K, used 31808K [0x0000000082600000, 0x0000000100000000)
  region size 1024K, 4 young (4096K), 4 survivors (4096K)
 Metaspace       used 52054K, committed 52608K, reserved 1114112K
  class space    used 6001K, committed 6272K, reserved 1048576K
}
Event: 9.945 GC heap before
{Heap before GC invocations=15 (full 0):
 garbage-first heap   total 76800K, used 58432K [0x0000000082600000, 0x0000000100000000)
  region size 1024K, 25 young (25600K), 4 survivors (4096K)
 Metaspace       used 52067K, committed 52608K, reserved 1114112K
  class space    used 6002K, committed 6272K, reserved 1048576K
}

