# JRE version: Java(TM) SE Runtime Environment (21.0.7+8) (build 21.0.7+8-LTS-245)
# Java VM: Java HotSpot(TM) 64-Bit Server VM (21.0.7+8-LTS-245, mixed mode, sharing, tiered, compressed oops, compressed class ptrs, g1 gc, windows-amd64)
GC Precious Log:
 CardTable entry size: 512
 Card Set container configuration: InlinePtr #cards 5 size 8 Array Of Cards #cards 12 size 40 Howl #buckets 4 coarsen threshold 1843 Howl Bitmap #cards 512 size 80 coarsen threshold 460 Card regions per heap region 1 cards per card region 2048
 CPUs: 8 total, 8 available
 Memory: 8035M
 Large Page Support: Disabled
 NUMA Support: Disabled
 Compressed Oops: Enabled (32-bit)
 Heap Region Size: 1M
 Heap Min Capacity: 8M
 Heap Initial Capacity: 126M
 Heap Max Capacity: 2010M
 Pre-touch: Disabled
 Parallel Workers: 8
 Concurrent Workers: 2
 Concurrent Refinement Workers: 8
 Periodic GC: Disabled
Heap:
 garbage-first heap   total 98304K, used 49702K [0x0000000082600000, 0x0000000100000000)
  region size 1024K, 9 young (9216K), 5 survivors (5120K)
 Metaspace       used 76434K, committed 77120K, reserved 1179648K
  class space    used 10173K, committed 10496K, reserved 1048576K
GC Heap History (20 events):
Event: 4.044 GC heap before
{Heap before GC invocations=5 (full 0):
 garbage-first heap   total 75776K, used 57684K [0x0000000082600000, 0x0000000100000000)
  region size 1024K, 37 young (37888K), 3 survivors (3072K)
 Metaspace       used 29132K, committed 29568K, reserved 1114112K
  class space    used 3408K, committed 3584K, reserved 1048576K
}
Event: 4.048 GC heap after
{Heap after GC invocations=6 (full 0):
 garbage-first heap   total 75776K, used 24905K [0x0000000082600000, 0x0000000100000000)
  region size 1024K, 5 young (5120K), 5 survivors (5120K)
 Metaspace       used 29132K, committed 29568K, reserved 1114112K
  class space    used 3408K, committed 3584K, reserved 1048576K
}
Event: 4.833 GC heap before
{Heap before GC invocations=6 (full 0):
 garbage-first heap   total 75776K, used 59721K [0x0000000082600000, 0x0000000100000000)
  region size 1024K, 39 young (39936K), 5 survivors (5120K)
 Metaspace       used 33132K, committed 33600K, reserved 1114112K
  class space    used 4078K, committed 4288K, reserved 1048576K
}
Event: 4.837 GC heap after
{Heap after GC invocations=7 (full 0):
 garbage-first heap   total 75776K, used 26752K [0x0000000082600000, 0x0000000100000000)
  region size 1024K, 5 young (5120K), 5 survivors (5120K)
 Metaspace       used 33132K, committed 33600K, reserved 1114112K
  class space    used 4078K, committed 4288K, reserved 1048576K
}
Event: 5.244 GC heap before
{Heap before GC invocations=7 (full 0):
 garbage-first heap   total 75776K, used 47232K [0x0000000082600000, 0x0000000100000000)
  region size 1024K, 26 young (26624K), 5 survivors (5120K)
 Metaspace       used 35565K, committed 35968K, reserved 1114112K
  class space    used 4359K, committed 4544K, reserved 1048576K
}
Event: 5.249 GC heap after
{Heap after GC invocations=8 (full 0):
 garbage-first heap   total 75776K, used 28578K [0x0000000082600000, 0x0000000100000000)
  region size 1024K, 4 young (4096K), 4 survivors (4096K)
 Metaspace       used 35565K, committed 35968K, reserved 1114112K
  class space    used 4359K, committed 4544K, reserved 1048576K
}
Event: 6.453 GC heap before
{Heap before GC invocations=9 (full 0):
 garbage-first heap   total 75776K, used 62370K [0x0000000082600000, 0x0000000100000000)
  region size 1024K, 37 young (37888K), 4 survivors (4096K)
 Metaspace       used 40191K, committed 40704K, reserved 1114112K
  class space    used 4972K, committed 5184K, reserved 1048576K
}
Event: 6.461 GC heap after
{Heap after GC invocations=10 (full 0):
 garbage-first heap   total 75776K, used 30640K [0x0000000082600000, 0x0000000100000000)
  region size 1024K, 4 young (4096K), 4 survivors (4096K)
 Metaspace       used 40191K, committed 40704K, reserved 1114112K
  class space    used 4972K, committed 5184K, reserved 1048576K
}
Event: 7.099 GC heap before
{Heap before GC invocations=10 (full 0):
 garbage-first heap   total 75776K, used 69552K [0x0000000082600000, 0x0000000100000000)
  region size 1024K, 37 young (37888K), 4 survivors (4096K)
 Metaspace       used 41851K, committed 42368K, reserved 1114112K
  class space    used 5134K, committed 5376K, reserved 1048576K
}
Event: 7.109 GC heap after
{Heap after GC invocations=11 (full 0):
 garbage-first heap   total 81920K, used 40186K [0x0000000082600000, 0x0000000100000000)
  region size 1024K, 5 young (5120K), 5 survivors (5120K)
 Metaspace       used 41851K, committed 42368K, reserved 1114112K
  class space    used 5134K, committed 5376K, reserved 1048576K
}
Event: 7.546 GC heap before
{Heap before GC invocations=11 (full 0):
 garbage-first heap   total 81920K, used 68858K [0x0000000082600000, 0x0000000100000000)
  region size 1024K, 32 young (32768K), 5 survivors (5120K)
 Metaspace       used 43075K, committed 43648K, reserved 1114112K
  class space    used 5297K, committed 5568K, reserved 1048576K
}
Event: 7.551 GC heap after
{Heap after GC invocations=12 (full 0):
 garbage-first heap   total 98304K, used 38723K [0x0000000082600000, 0x0000000100000000)
  region size 1024K, 2 young (2048K), 2 survivors (2048K)
 Metaspace       used 43075K, committed 43648K, reserved 1114112K
  class space    used 5297K, committed 5568K, reserved 1048576K
}
Event: 9.125 GC heap before
{Heap before GC invocations=12 (full 0):
 garbage-first heap   total 98304K, used 80707K [0x0000000082600000, 0x0000000100000000)
  region size 1024K, 43 young (44032K), 2 survivors (2048K)
 Metaspace       used 50733K, committed 51392K, reserved 1114112K
  class space    used 6503K, committed 6784K, reserved 1048576K
}
Event: 9.130 GC heap after
{Heap after GC invocations=13 (full 0):
 garbage-first heap   total 98304K, used 41573K [0x0000000082600000, 0x0000000100000000)
  region size 1024K, 5 young (5120K), 5 survivors (5120K)
 Metaspace       used 50733K, committed 51392K, reserved 1114112K
  class space    used 6503K, committed 6784K, reserved 1048576K
}
Event: 10.792 GC heap before
{Heap before GC invocations=13 (full 0):
 garbage-first heap   total 98304K, used 73317K [0x0000000082600000, 0x0000000100000000)
  region size 1024K, 37 young (37888K), 5 survivors (5120K)
 Metaspace       used 59452K, committed 60096K, reserved 1114112K
  class space    used 7667K, committed 7936K, reserved 1048576K
}
Event: 10.798 GC heap after
{Heap after GC invocations=14 (full 0):
 garbage-first heap   total 98304K, used 43790K [0x0000000082600000, 0x0000000100000000)
  region size 1024K, 6 young (6144K), 6 survivors (6144K)
 Metaspace       used 59452K, committed 60096K, reserved 1114112K
  class space    used 7667K, committed 7936K, reserved 1048576K
}
Event: 12.562 GC heap before
{Heap before GC invocations=15 (full 0):
 garbage-first heap   total 98304K, used 83726K [0x0000000082600000, 0x0000000100000000)
  region size 1024K, 46 young (47104K), 6 survivors (6144K)
 Metaspace       used 69422K, committed 70080K, reserved 1114112K
  class space    used 9232K, committed 9536K, reserved 1048576K
}
Event: 12.567 GC heap after
{Heap after GC invocations=16 (full 0):
 garbage-first heap   total 98304K, used 44578K [0x0000000082600000, 0x0000000100000000)
  region size 1024K, 4 young (4096K), 4 survivors (4096K)
 Metaspace       used 69422K, committed 70080K, reserved 1114112K
  class space    used 9232K, committed 9536K, reserved 1048576K
}
Event: 13.807 GC heap before
{Heap before GC invocations=16 (full 0):
 garbage-first heap   total 98304K, used 86562K [0x0000000082600000, 0x0000000100000000)
  region size 1024K, 45 young (46080K), 4 survivors (4096K)
 Metaspace       used 75515K, committed 76224K, reserved 1179648K
  class space    used 10034K, committed 10368K, reserved 1048576K
}
Event: 13.814 GC heap after
{Heap after GC invocations=17 (full 0):
 garbage-first heap   total 98304K, used 46630K [0x0000000082600000, 0x0000000100000000)
  region size 1024K, 5 young (5120K), 5 survivors (5120K)
 Metaspace       used 75515K, committed 76224K, reserved 1179648K
  class space    used 10034K, committed 10368K, reserved 1048576K
}

