# JRE version: Java(TM) SE Runtime Environment (21.0.7+8) (build 21.0.7+8-LTS-245)
# Java VM: Java HotSpot(TM) 64-Bit Server VM (21.0.7+8-LTS-245, mixed mode, sharing, tiered, compressed oops, compressed class ptrs, g1 gc, windows-amd64)
GC Precious Log:
 CardTable entry size: 512
 Card Set container configuration: InlinePtr #cards 5 size 8 Array Of Cards #cards 12 size 40 Howl #buckets 4 coarsen threshold 1843 Howl Bitmap #cards 512 size 80 coarsen threshold 460 Card regions per heap region 1 cards per card region 2048
 CPUs: 8 total, 8 available
 Memory: 8035M
 Large Page Support: Disabled
 NUMA Support: Disabled
 Compressed Oops: Enabled (32-bit)
 Heap Region Size: 1M
 Heap Min Capacity: 8M
 Heap Initial Capacity: 126M
 Heap Max Capacity: 2010M
 Pre-touch: Disabled
 Parallel Workers: 8
 Concurrent Workers: 2
 Concurrent Refinement Workers: 8
 Periodic GC: Disabled
Heap:
 garbage-first heap   total 162816K, used 119826K [0x0000000082600000, 0x0000000100000000)
  region size 1024K, 55 young (56320K), 6 survivors (6144K)
 Metaspace       used 117980K, committed 119360K, reserved 1179648K
  class space    used 15743K, committed 16320K, reserved 1048576K
GC Heap History (20 events):
Event: 33.040 GC heap before
{Heap before GC invocations=34 (full 0):
 garbage-first heap   total 122880K, used 108127K [0x0000000082600000, 0x0000000100000000)
  region size 1024K, 44 young (45056K), 4 survivors (4096K)
 Metaspace       used 101787K, committed 102592K, reserved 1179648K
  class space    used 13718K, committed 14080K, reserved 1048576K
}
Event: 33.046 GC heap after
{Heap after GC invocations=35 (full 0):
 garbage-first heap   total 122880K, used 70863K [0x0000000082600000, 0x0000000100000000)
  region size 1024K, 6 young (6144K), 6 survivors (6144K)
 Metaspace       used 101787K, committed 102592K, reserved 1179648K
  class space    used 13718K, committed 14080K, reserved 1048576K
}
Event: 33.525 GC heap before
{Heap before GC invocations=36 (full 0):
 garbage-first heap   total 135168K, used 106703K [0x0000000082600000, 0x0000000100000000)
  region size 1024K, 42 young (43008K), 6 survivors (6144K)
 Metaspace       used 102414K, committed 103232K, reserved 1179648K
  class space    used 13797K, committed 14144K, reserved 1048576K
}
Event: 33.532 GC heap after
{Heap after GC invocations=37 (full 0):
 garbage-first heap   total 135168K, used 71285K [0x0000000082600000, 0x0000000100000000)
  region size 1024K, 5 young (5120K), 5 survivors (5120K)
 Metaspace       used 102414K, committed 103232K, reserved 1179648K
  class space    used 13797K, committed 14144K, reserved 1048576K
}
Event: 34.802 GC heap before
{Heap before GC invocations=37 (full 0):
 garbage-first heap   total 135168K, used 120437K [0x0000000082600000, 0x0000000100000000)
  region size 1024K, 53 young (54272K), 5 survivors (5120K)
 Metaspace       used 104255K, committed 105088K, reserved 1179648K
  class space    used 14049K, committed 14400K, reserved 1048576K
}
Event: 34.808 GC heap after
{Heap after GC invocations=38 (full 0):
 garbage-first heap   total 135168K, used 68546K [0x0000000082600000, 0x0000000100000000)
  region size 1024K, 4 young (4096K), 4 survivors (4096K)
 Metaspace       used 104255K, committed 105088K, reserved 1179648K
  class space    used 14049K, committed 14400K, reserved 1048576K
}
Event: 35.731 GC heap before
{Heap before GC invocations=38 (full 0):
 garbage-first heap   total 135168K, used 121794K [0x0000000082600000, 0x0000000100000000)
  region size 1024K, 56 young (57344K), 4 survivors (4096K)
 Metaspace       used 105768K, committed 106624K, reserved 1179648K
  class space    used 14271K, committed 14656K, reserved 1048576K
}
Event: 35.737 GC heap after
{Heap after GC invocations=39 (full 0):
 garbage-first heap   total 135168K, used 70759K [0x0000000082600000, 0x0000000100000000)
  region size 1024K, 6 young (6144K), 6 survivors (6144K)
 Metaspace       used 105768K, committed 106624K, reserved 1179648K
  class space    used 14271K, committed 14656K, reserved 1048576K
}
Event: 36.324 GC heap before
{Heap before GC invocations=40 (full 0):
 garbage-first heap   total 135168K, used 119911K [0x0000000082600000, 0x0000000100000000)
  region size 1024K, 54 young (55296K), 6 survivors (6144K)
 Metaspace       used 106938K, committed 107840K, reserved 1179648K
  class space    used 14437K, committed 14848K, reserved 1048576K
}
Event: 36.330 GC heap after
{Heap after GC invocations=41 (full 0):
 garbage-first heap   total 135168K, used 72802K [0x0000000082600000, 0x0000000100000000)
  region size 1024K, 5 young (5120K), 5 survivors (5120K)
 Metaspace       used 106938K, committed 107840K, reserved 1179648K
  class space    used 14437K, committed 14848K, reserved 1048576K
}
Event: 36.900 GC heap before
{Heap before GC invocations=41 (full 0):
 garbage-first heap   total 135168K, used 120930K [0x0000000082600000, 0x0000000100000000)
  region size 1024K, 52 young (53248K), 5 survivors (5120K)
 Metaspace       used 107615K, committed 108480K, reserved 1179648K
  class space    used 14536K, committed 14912K, reserved 1048576K
}
Event: 36.907 GC heap after
{Heap after GC invocations=42 (full 0):
 garbage-first heap   total 135168K, used 72482K [0x0000000082600000, 0x0000000100000000)
  region size 1024K, 5 young (5120K), 5 survivors (5120K)
 Metaspace       used 107615K, committed 108480K, reserved 1179648K
  class space    used 14536K, committed 14912K, reserved 1048576K
}
Event: 38.385 GC heap before
{Heap before GC invocations=42 (full 0):
 garbage-first heap   total 135168K, used 120610K [0x0000000082600000, 0x0000000100000000)
  region size 1024K, 52 young (53248K), 5 survivors (5120K)
 Metaspace       used 112356K, committed 113280K, reserved 1179648K
  class space    used 15198K, committed 15616K, reserved 1048576K
}
Event: 38.392 GC heap after
{Heap after GC invocations=43 (full 0):
 garbage-first heap   total 162816K, used 73785K [0x0000000082600000, 0x0000000100000000)
  region size 1024K, 5 young (5120K), 5 survivors (5120K)
 Metaspace       used 112356K, committed 113280K, reserved 1179648K
  class space    used 15198K, committed 15616K, reserved 1048576K
}
Event: 750.616 GC heap before
{Heap before GC invocations=44 (full 0):
 garbage-first heap   total 162816K, used 146489K [0x0000000082600000, 0x0000000100000000)
  region size 1024K, 77 young (78848K), 5 survivors (5120K)
 Metaspace       used 117762K, committed 118784K, reserved 1179648K
  class space    used 15862K, committed 16320K, reserved 1048576K
}
Event: 750.639 GC heap after
{Heap after GC invocations=45 (full 0):
 garbage-first heap   total 162816K, used 74639K [0x0000000082600000, 0x0000000100000000)
  region size 1024K, 5 young (5120K), 5 survivors (5120K)
 Metaspace       used 117762K, committed 118784K, reserved 1179648K
  class space    used 15862K, committed 16320K, reserved 1048576K
}
Event: 1708.337 GC heap before
{Heap before GC invocations=45 (full 0):
 garbage-first heap   total 162816K, used 148367K [0x0000000082600000, 0x0000000100000000)
  region size 1024K, 77 young (78848K), 5 survivors (5120K)
 Metaspace       used 118054K, committed 119040K, reserved 1179648K
  class space    used 15865K, committed 16320K, reserved 1048576K
}
Event: 1708.392 GC heap after
{Heap after GC invocations=46 (full 0):
 garbage-first heap   total 162816K, used 70514K [0x0000000082600000, 0x0000000100000000)
  region size 1024K, 6 young (6144K), 6 survivors (6144K)
 Metaspace       used 118054K, committed 119040K, reserved 1179648K
  class space    used 15865K, committed 16320K, reserved 1048576K
}
Event: 2560.997 GC heap before
{Heap before GC invocations=46 (full 0):
 garbage-first heap   total 162816K, used 146290K [0x0000000082600000, 0x0000000100000000)
  region size 1024K, 80 young (81920K), 6 survivors (6144K)
 Metaspace       used 118340K, committed 119360K, reserved 1179648K
  class space    used 15870K, committed 16320K, reserved 1048576K
}
Event: 2561.079 GC heap after
{Heap after GC invocations=47 (full 0):
 garbage-first heap   total 162816K, used 70674K [0x0000000082600000, 0x0000000100000000)
  region size 1024K, 6 young (6144K), 6 survivors (6144K)
 Metaspace       used 118340K, committed 119360K, reserved 1179648K
  class space    used 15870K, committed 16320K, reserved 1048576K
}

