# JRE version: Java(TM) SE Runtime Environment (21.0.7+8) (build 21.0.7+8-LTS-245)
# Java VM: Java HotSpot(TM) 64-Bit Server VM (21.0.7+8-LTS-245, mixed mode, sharing, tiered, compressed oops, compressed class ptrs, g1 gc, windows-amd64)
GC Precious Log:
 CardTable entry size: 512
 Card Set container configuration: InlinePtr #cards 5 size 8 Array Of Cards #cards 12 size 40 Howl #buckets 4 coarsen threshold 1843 Howl Bitmap #cards 512 size 80 coarsen threshold 460 Card regions per heap region 1 cards per card region 2048
 CPUs: 8 total, 8 available
 Memory: 8035M
 Large Page Support: Disabled
 NUMA Support: Disabled
 Compressed Oops: Enabled (32-bit)
 Heap Region Size: 1M
 Heap Min Capacity: 8M
 Heap Initial Capacity: 126M
 Heap Max Capacity: 2010M
 Pre-touch: Disabled
 Parallel Workers: 8
 Concurrent Workers: 2
 Concurrent Refinement Workers: 8
 Periodic GC: Disabled
Heap:
 garbage-first heap   total 82944K, used 43614K [0x0000000082600000, 0x0000000100000000)
  region size 1024K, 7 young (7168K), 3 survivors (3072K)
 Metaspace       used 44297K, committed 44928K, reserved 1114112K
  class space    used 5413K, committed 5696K, reserved 1048576K
GC Heap History (20 events):
Event: 2.556 GC heap before
{Heap before GC invocations=2 (full 0):
 garbage-first heap   total 129024K, used 67073K [0x0000000082600000, 0x0000000100000000)
  region size 1024K, 53 young (54272K), 4 survivors (4096K)
 Metaspace       used 20003K, committed 20416K, reserved 1114112K
  class space    used 2420K, committed 2560K, reserved 1048576K
}
Event: 2.561 GC heap after
{Heap after GC invocations=3 (full 0):
 garbage-first heap   total 129024K, used 20468K [0x0000000082600000, 0x0000000100000000)
  region size 1024K, 5 young (5120K), 5 survivors (5120K)
 Metaspace       used 20003K, committed 20416K, reserved 1114112K
  class space    used 2420K, committed 2560K, reserved 1048576K
}
Event: 2.696 GC heap before
{Heap before GC invocations=3 (full 0):
 garbage-first heap   total 129024K, used 27636K [0x0000000082600000, 0x0000000100000000)
  region size 1024K, 13 young (13312K), 5 survivors (5120K)
 Metaspace       used 21113K, committed 21504K, reserved 1114112K
  class space    used 2538K, committed 2752K, reserved 1048576K
}
Event: 2.700 GC heap after
{Heap after GC invocations=4 (full 0):
 garbage-first heap   total 129024K, used 21239K [0x0000000082600000, 0x0000000100000000)
  region size 1024K, 5 young (5120K), 5 survivors (5120K)
 Metaspace       used 21113K, committed 21504K, reserved 1114112K
  class space    used 2538K, committed 2752K, reserved 1048576K
}
Event: 3.433 GC heap before
{Heap before GC invocations=5 (full 0):
 garbage-first heap   total 75776K, used 60151K [0x0000000082600000, 0x0000000100000000)
  region size 1024K, 44 young (45056K), 5 survivors (5120K)
 Metaspace       used 26877K, committed 27264K, reserved 1114112K
  class space    used 3123K, committed 3328K, reserved 1048576K
}
Event: 3.439 GC heap after
{Heap after GC invocations=6 (full 0):
 garbage-first heap   total 75776K, used 24080K [0x0000000082600000, 0x0000000100000000)
  region size 1024K, 4 young (4096K), 4 survivors (4096K)
 Metaspace       used 26877K, committed 27264K, reserved 1114112K
  class space    used 3123K, committed 3328K, reserved 1048576K
}
Event: 4.191 GC heap before
{Heap before GC invocations=6 (full 0):
 garbage-first heap   total 75776K, used 59920K [0x0000000082600000, 0x0000000100000000)
  region size 1024K, 39 young (39936K), 4 survivors (4096K)
 Metaspace       used 29615K, committed 30144K, reserved 1114112K
  class space    used 3486K, committed 3712K, reserved 1048576K
}
Event: 4.195 GC heap after
{Heap after GC invocations=7 (full 0):
 garbage-first heap   total 75776K, used 26131K [0x0000000082600000, 0x0000000100000000)
  region size 1024K, 5 young (5120K), 5 survivors (5120K)
 Metaspace       used 29615K, committed 30144K, reserved 1114112K
  class space    used 3486K, committed 3712K, reserved 1048576K
}
Event: 5.172 GC heap before
{Heap before GC invocations=7 (full 0):
 garbage-first heap   total 75776K, used 61971K [0x0000000082600000, 0x0000000100000000)
  region size 1024K, 40 young (40960K), 5 survivors (5120K)
 Metaspace       used 34406K, committed 34880K, reserved 1114112K
  class space    used 4216K, committed 4416K, reserved 1048576K
}
Event: 5.178 GC heap after
{Heap after GC invocations=8 (full 0):
 garbage-first heap   total 75776K, used 28573K [0x0000000082600000, 0x0000000100000000)
  region size 1024K, 5 young (5120K), 5 survivors (5120K)
 Metaspace       used 34406K, committed 34880K, reserved 1114112K
  class space    used 4216K, committed 4416K, reserved 1048576K
}
Event: 5.466 GC heap before
{Heap before GC invocations=8 (full 0):
 garbage-first heap   total 75776K, used 42909K [0x0000000082600000, 0x0000000100000000)
  region size 1024K, 20 young (20480K), 5 survivors (5120K)
 Metaspace       used 35494K, committed 35968K, reserved 1114112K
  class space    used 4341K, committed 4544K, reserved 1048576K
}
Event: 5.472 GC heap after
{Heap after GC invocations=9 (full 0):
 garbage-first heap   total 75776K, used 29582K [0x0000000082600000, 0x0000000100000000)
  region size 1024K, 4 young (4096K), 4 survivors (4096K)
 Metaspace       used 35494K, committed 35968K, reserved 1114112K
  class space    used 4341K, committed 4544K, reserved 1048576K
}
Event: 6.550 GC heap before
{Heap before GC invocations=10 (full 0):
 garbage-first heap   total 75776K, used 64398K [0x0000000082600000, 0x0000000100000000)
  region size 1024K, 38 young (38912K), 4 survivors (4096K)
 Metaspace       used 40190K, committed 40704K, reserved 1114112K
  class space    used 4971K, committed 5184K, reserved 1048576K
}
Event: 6.559 GC heap after
{Heap after GC invocations=11 (full 0):
 garbage-first heap   total 75776K, used 31904K [0x0000000082600000, 0x0000000100000000)
  region size 1024K, 4 young (4096K), 4 survivors (4096K)
 Metaspace       used 40190K, committed 40704K, reserved 1114112K
  class space    used 4971K, committed 5184K, reserved 1048576K
}
Event: 7.360 GC heap before
{Heap before GC invocations=11 (full 0):
 garbage-first heap   total 75776K, used 69792K [0x0000000082600000, 0x0000000100000000)
  region size 1024K, 37 young (37888K), 4 survivors (4096K)
 Metaspace       used 41854K, committed 42368K, reserved 1114112K
  class space    used 5132K, committed 5376K, reserved 1048576K
}
Event: 7.373 GC heap after
{Heap after GC invocations=12 (full 0):
 garbage-first heap   total 82944K, used 41355K [0x0000000082600000, 0x0000000100000000)
  region size 1024K, 5 young (5120K), 5 survivors (5120K)
 Metaspace       used 41854K, committed 42368K, reserved 1114112K
  class space    used 5132K, committed 5376K, reserved 1048576K
}
Event: 7.636 GC heap before
{Heap before GC invocations=12 (full 0):
 garbage-first heap   total 82944K, used 52619K [0x0000000082600000, 0x0000000100000000)
  region size 1024K, 17 young (17408K), 5 survivors (5120K)
 Metaspace       used 42185K, committed 42752K, reserved 1114112K
  class space    used 5165K, committed 5440K, reserved 1048576K
}
Event: 7.644 GC heap after
{Heap after GC invocations=13 (full 0):
 garbage-first heap   total 82944K, used 41105K [0x0000000082600000, 0x0000000100000000)
  region size 1024K, 2 young (2048K), 2 survivors (2048K)
 Metaspace       used 42185K, committed 42752K, reserved 1114112K
  class space    used 5165K, committed 5440K, reserved 1048576K
}
Event: 8.768 GC heap before
{Heap before GC invocations=14 (full 0):
 garbage-first heap   total 82944K, used 68753K [0x0000000082600000, 0x0000000100000000)
  region size 1024K, 29 young (29696K), 2 survivors (2048K)
 Metaspace       used 43765K, committed 44416K, reserved 1114112K
  class space    used 5356K, committed 5632K, reserved 1048576K
}
Event: 8.776 GC heap after
{Heap after GC invocations=15 (full 0):
 garbage-first heap   total 82944K, used 40542K [0x0000000082600000, 0x0000000100000000)
  region size 1024K, 3 young (3072K), 3 survivors (3072K)
 Metaspace       used 43765K, committed 44416K, reserved 1114112K
  class space    used 5356K, committed 5632K, reserved 1048576K
}

